app/build/outputs/mapping/release/seeds.txt
com.wubydax.romcontrol.v2.AboutActivity
com.wubydax.romcontrol.v2.AboutActivity: AboutActivity()
com.wubydax.romcontrol.v2.AboutActivity: void onClick(android.view.View)
com.wubydax.romcontrol.v2.MainActivity
com.wubydax.romcontrol.v2.MainActivity: MainActivity()
com.wubydax.romcontrol.v2.MyApp
com.wubydax.romcontrol.v2.MyApp: MyApp()
com.wubydax.romcontrol.v2.PrefsFragment$1: void onClick(android.view.View)
com.wubydax.romcontrol.v2.R$anim: int abc_fade_in
com.wubydax.romcontrol.v2.R$anim: int abc_fade_out
com.wubydax.romcontrol.v2.R$anim: int abc_grow_fade_in_from_bottom
com.wubydax.romcontrol.v2.R$anim: int abc_popup_enter
com.wubydax.romcontrol.v2.R$anim: int abc_popup_exit
com.wubydax.romcontrol.v2.R$anim: int abc_shrink_fade_out_from_bottom
com.wubydax.romcontrol.v2.R$anim: int abc_slide_in_bottom
com.wubydax.romcontrol.v2.R$anim: int abc_slide_in_top
com.wubydax.romcontrol.v2.R$anim: int abc_slide_out_bottom
com.wubydax.romcontrol.v2.R$anim: int abc_slide_out_top
com.wubydax.romcontrol.v2.R$anim: int design_appbar_state_list_animator
com.wubydax.romcontrol.v2.R$anim: int design_bottom_sheet_slide_in
com.wubydax.romcontrol.v2.R$anim: int design_bottom_sheet_slide_out
com.wubydax.romcontrol.v2.R$anim: int design_fab_in
com.wubydax.romcontrol.v2.R$anim: int design_fab_out
com.wubydax.romcontrol.v2.R$anim: int design_snackbar_in
com.wubydax.romcontrol.v2.R$anim: int design_snackbar_out
com.wubydax.romcontrol.v2.R$anim: int fade_in
com.wubydax.romcontrol.v2.R$anim: int fade_out
com.wubydax.romcontrol.v2.R$animator: int fadein
com.wubydax.romcontrol.v2.R$animator: int fadeout
com.wubydax.romcontrol.v2.R$array: int about_contact_us_drawables
com.wubydax.romcontrol.v2.R$array: int about_contact_us_links
com.wubydax.romcontrol.v2.R$array: int about_contact_us_text
com.wubydax.romcontrol.v2.R$array: int about_credits_drawables
com.wubydax.romcontrol.v2.R$array: int about_credits_links
com.wubydax.romcontrol.v2.R$array: int about_credits_names
com.wubydax.romcontrol.v2.R$array: int arrow_position_entries
com.wubydax.romcontrol.v2.R$array: int arrow_position_values
com.wubydax.romcontrol.v2.R$array: int backup_restore_items
com.wubydax.romcontrol.v2.R$array: int battery_bar_entries
com.wubydax.romcontrol.v2.R$array: int battery_bar_style_entries
com.wubydax.romcontrol.v2.R$array: int battery_bar_style_values
com.wubydax.romcontrol.v2.R$array: int battery_bar_thickness_entries
com.wubydax.romcontrol.v2.R$array: int battery_bar_thickness_values
com.wubydax.romcontrol.v2.R$array: int battery_bar_values
com.wubydax.romcontrol.v2.R$array: int call_delay_entries
com.wubydax.romcontrol.v2.R$array: int call_delay_values
com.wubydax.romcontrol.v2.R$array: int changelog_items
com.wubydax.romcontrol.v2.R$array: int clock_style_entries
com.wubydax.romcontrol.v2.R$array: int clock_style_values
com.wubydax.romcontrol.v2.R$array: int crop_entries
com.wubydax.romcontrol.v2.R$array: int crop_values
com.wubydax.romcontrol.v2.R$array: int custom_bg_type_entries_recent
com.wubydax.romcontrol.v2.R$array: int custom_bg_type_entries_sb
...
android.support.annotation.Keep
android.support.design.R$anim: int abc_fade_in
android.support.design.R$anim: int abc_fade_out
android.support.design.R$anim: int abc_grow_fade_in_from_bottom
android.support.design.R$anim: int abc_popup_enter
android.support.design.R$anim: int abc_popup_exit
android.support.design.R$anim: int abc_shrink_fade_out_from_bottom
android.support.design.R$anim: int abc_slide_in_bottom
android.support.design.R$anim: int abc_slide_in_top
android.support.design.R$anim: int abc_slide_out_bottom
android.support.design.R$anim: int abc_slide_out_top
android.support.design.R$anim: int design_appbar_state_list_animator
android.support.design.R$anim: int design_bottom_sheet_slide_in
android.support.design.R$anim: int design_bottom_sheet_slide_out
android.support.design.R$anim: int design_fab_in
android.support.design.R$anim: int design_fab_out
android.support.design.R$anim: int design_snackbar_in
android.support.design.R$anim: int design_snackbar_out
android.support.design.R$attr: int actionBarDivider
android.support.design.R$attr: int actionBarItemBackground
android.support.design.R$attr: int actionBarPopupTheme
android.support.design.R$attr: int actionBarSize
android.support.design.R$attr: int actionBarSplitStyle
android.support.design.R$attr: int actionBarStyle
android.support.design.R$attr: int actionBarTabBarStyle
android.support.design.R$attr: int actionBarTabStyle
android.support.design.R$attr: int actionBarTabTextStyle
android.support.design.R$attr: int actionBarTheme
android.support.design.R$attr: int actionBarWidgetTheme
android.support.design.R$attr: int actionButtonStyle
android.support.design.R$attr: int actionDropDownStyle
android.support.design.R$attr: int actionLayout
android.support.design.R$attr: int actionMenuTextAppearance
android.support.design.R$attr: int actionMenuTextColor
android.support.design.R$attr: int actionModeBackground
android.support.design.R$attr: int actionModeCloseButtonStyle
android.support.design.R$attr: int actionModeCloseDrawable
android.support.design.R$attr: int actionModeCopyDrawable
android.support.design.R$attr: int actionModeCutDrawable
android.support.design.R$attr: int actionModeFindDrawable
android.support.design.R$attr: int actionModePasteDrawable
android.support.design.R$attr: int actionModePopupWindowStyle
android.support.design.R$attr: int actionModeSelectAllDrawable
android.support.design.R$attr: int actionModeShareDrawable
android.support.design.R$bool: int abc_action_bar_embed_tabs
android.support.design.R$bool: int abc_allow_stacked_button_bar
android.support.design.R$bool: int abc_config_actionMenuItemAllCaps
android.support.design.R$bool: int abc_config_closeDialogWhenTouchOutside
android.support.design.R$bool: int abc_config_showMenuShortcutsWhenKeyboardPresent