app/build/outputs/mapping/release/mapping.txt
com.wubydax.romcontrol.v2.AboutActivity -> com.wubydax.romcontrol.v2.AboutActivity:
    java.lang.Integer[] mContactUsIds -> n
    java.lang.Integer[] mCreditsIds -> o
    boolean $assertionsDisabled -> m
    void <init>() -> <init>
    void onCreate(android.os.Bundle) -> onCreate
    void setUpCreditsItems() -> e
    void setUpAboutItems() -> f
    void onClick(android.view.View) -> onClick
    void <clinit>() -> <clinit>
com.wubydax.romcontrol.v2.MainActivity -> com.wubydax.romcontrol.v2.MainActivity:
    android.app.ProgressDialog mProgressDialog -> n
    android.app.FragmentManager mFragmentManager -> o
    android.content.SharedPreferences mSharedPreferences -> p
    java.util.ArrayList mNavMenuItemsIds -> q
    boolean $assertionsDisabled -> m
    void <init>() -> <init>
    void onCreate(android.os.Bundle) -> onCreate
    void setUpPrefsMenu(android.view.Menu) -> a
    void onBackPressed() -> onBackPressed
    boolean onCreateOptionsMenu(android.view.Menu) -> onCreateOptionsMenu
    boolean onOptionsItemSelected(android.view.MenuItem) -> onOptionsItemSelected
    boolean onNavigationItemSelected(android.view.MenuItem) -> a
    void launchBackupRestoreService(int,java.lang.String) -> a
    void loadPrefsFragment(java.lang.String) -> a
    void onTaskCompleted(boolean) -> b
    void onDialogResult(int) -> b
    void onBackupRestoreResult(int) -> c
    void onPause() -> onPause
    void onRestoreRequested(java.lang.String,boolean) -> a
    android.view.View getDecorView() -> e
    void <clinit>() -> <clinit>
com.wubydax.romcontrol.v2.MyApp -> com.wubydax.romcontrol.v2.MyApp:
    android.content.Context mContext -> a
    void <init>() -> <init>
    android.content.Context getContext() -> a
    void onCreate() -> onCreate
    void onLowMemory() -> onLowMemory
com.wubydax.romcontrol.v2.PrefsFragment -> com.wubydax.romcontrol.v2.a:
    java.lang.String LOG_TAG -> a
    android.content.Context mContext -> b
    android.content.SharedPreferences mSharedPreferences -> c
    java.lang.String mUriPreferenceKey -> d
    void <init>() -> <init>
    com.wubydax.romcontrol.v2.PrefsFragment newInstance(java.lang.String) -> a
    void onCreate(android.os.Bundle) -> onCreate
    void onActivityResult(int,int,android.content.Intent) -> onActivityResult
    void iteratePrefs(android.preference.PreferenceGroup) -> a
    boolean onPreferenceClick(android.preference.Preference) -> onPreferenceClick
    void onUriSelectionRequested(java.lang.String) -> b
    void <clinit>() -> <clinit>
com.wubydax.romcontrol.v2.PrefsFragment$1 -> com.wubydax.romcontrol.v2.a$1:
    android.app.Dialog val$dialog -> a
    com.wubydax.romcontrol.v2.PrefsFragment this$0 -> b
    void <init>(com.wubydax.romcontrol.v2.PrefsFragment,android.app.Dialog) -> <init>
    void onClick(android.view.View) -> onClick
com.wubydax.romcontrol.v2.R -> com.wubydax.romcontrol.v2.b:
...
android.support.v7.app.WindowDecorActionBar$ActionModeImpl -> android.support.v7.a.t$a:
    android.content.Context mActionModeContext -> d
    android.support.v7.view.menu.MenuBuilder mMenu -> e
    android.support.v7.view.ActionMode$Callback mCallback -> f
    java.lang.ref.WeakReference mCustomView -> g
    android.support.v7.app.WindowDecorActionBar this$0 -> a
    void <init>(android.support.v7.app.WindowDecorActionBar,android.content.Context,android.support.v7.view.ActionMode$Callback) -> <init>
    android.view.MenuInflater getMenuInflater() -> a
    android.view.Menu getMenu() -> b
    void finish() -> c
    void invalidate() -> d
    boolean dispatchOnCreate() -> e
    void setCustomView(android.view.View) -> a
    void setSubtitle(java.lang.CharSequence) -> a
    void setTitle(java.lang.CharSequence) -> b
    void setTitle(int) -> a
    void setSubtitle(int) -> b
    java.lang.CharSequence getTitle() -> f
    java.lang.CharSequence getSubtitle() -> g
    void setTitleOptionalHint(boolean) -> a
    boolean isTitleOptional() -> h
    android.view.View getCustomView() -> i
    boolean onMenuItemSelected(android.support.v7.view.menu.MenuBuilder,android.view.MenuItem) -> a
    void onMenuModeChange(android.support.v7.view.menu.MenuBuilder) -> a
android.support.v7.appcompat.R -> android.support.v7.b.a:
android.support.v7.appcompat.R$attr -> android.support.v7.b.a$a:
    int actionBarDivider -> actionBarDivider
    int actionBarItemBackground -> actionBarItemBackground
    int actionBarPopupTheme -> actionBarPopupTheme
    int actionBarSize -> actionBarSize
    int actionBarSplitStyle -> actionBarSplitStyle
    int actionBarStyle -> actionBarStyle
    int actionBarTabBarStyle -> actionBarTabBarStyle
    int actionBarTabStyle -> actionBarTabStyle
    int actionBarTabTextStyle -> actionBarTabTextStyle
    int actionBarTheme -> actionBarTheme
    int actionBarWidgetTheme -> actionBarWidgetTheme
    int actionButtonStyle -> actionButtonStyle
    int actionDropDownStyle -> actionDropDownStyle
    int actionLayout -> actionLayout
    int actionMenuTextAppearance -> actionMenuTextAppearance
    int actionMenuTextColor -> actionMenuTextColor
    int actionModeBackground -> actionModeBackground
    int actionModeCloseButtonStyle -> actionModeCloseButtonStyle
    int actionModeCloseDrawable -> actionModeCloseDrawable
    int actionModeCopyDrawable -> actionModeCopyDrawable
    int actionModeCutDrawable -> actionModeCutDrawable
    int actionModeFindDrawable -> actionModeFindDrawable
    int actionModePasteDrawable -> actionModePasteDrawable
    int actionModePopupWindowStyle -> actionModePopupWindowStyle
    int actionModeSelectAllDrawable -> actionModeSelectAllDrawable
    int actionModeShareDrawable -> actionModeShareDrawable
android.support.v7.appcompat.R$bool -> android.support.v7.b.a$b:
    int abc_action_bar_embed_tabs -> abc_action_bar_embed_tabs
    int abc_allow_stacked_button_bar -> abc_allow_stacked_button_bar
    int abc_config_actionMenuItemAllCaps -> abc_config_actionMenuItemAllCaps
    int abc_config_closeDialogWhenTouchOutside -> abc_config_closeDialogWhenTouchOutside
    int abc_config_showMenuShortcutsWhenKeyboardPresent -> abc_config_showMenuShortcutsWhenKeyboardPresent