app/build/outputs/mapping/release/usage.txt
com.wubydax.romcontrol.v2.BuildConfig
com.wubydax.romcontrol.v2.R:
    10:10:public R()
com.wubydax.romcontrol.v2.R$anim
com.wubydax.romcontrol.v2.R$animator
com.wubydax.romcontrol.v2.R$array
com.wubydax.romcontrol.v2.R$attr
com.wubydax.romcontrol.v2.R$bool
com.wubydax.romcontrol.v2.R$color
com.wubydax.romcontrol.v2.R$dimen
com.wubydax.romcontrol.v2.R$drawable
com.wubydax.romcontrol.v2.R$id
com.wubydax.romcontrol.v2.R$integer
com.wubydax.romcontrol.v2.R$layout
com.wubydax.romcontrol.v2.R$menu
com.wubydax.romcontrol.v2.R$mipmap
com.wubydax.romcontrol.v2.R$raw
com.wubydax.romcontrol.v2.R$string
com.wubydax.romcontrol.v2.R$style
com.wubydax.romcontrol.v2.R$styleable:
    3762:3762:public R$styleable()
com.wubydax.romcontrol.v2.R$xml
com.wubydax.romcontrol.v2.prefs.ColorPickerDialog:
    178:178:public boolean getHexValueEnabled()
com.wubydax.romcontrol.v2.prefs.ColorPickerPanelView:
    private static final float BORDER_WIDTH_PX
com.wubydax.romcontrol.v2.prefs.ColorPickerPreference:
    294:296:public void setColor(int)
com.wubydax.romcontrol.v2.prefs.ColorPickerView:
    private static final int PANEL_SAT_VAL
    private static final int PANEL_HUE
    private static final int PANEL_ALPHA
    private static final float BORDER_WIDTH_PX
com.wubydax.romcontrol.v2.prefs.GlobalRestorePreference
com.wubydax.romcontrol.v2.prefs.MyPreferenceCategory
com.wubydax.romcontrol.v2.prefs.ThumbnailListPreference:
    158:158:public java.lang.CharSequence[] getEntries()
    162:163:public void setEntries(java.lang.CharSequence[])
    166:166:public java.lang.CharSequence[] getEntryValues()
    170:171:public void setEntryValues(java.lang.CharSequence[])
    174:174:public android.graphics.drawable.Drawable[] getDrawableArray()
    178:179:public void setDrawableArray(android.graphics.drawable.Drawable[])
com.wubydax.romcontrol.v2.prefs.UriSelectionPreference:
    49:49:public com.wubydax.romcontrol.v2.prefs.UriSelectionPreference$OnUriSelectionRequestedListener getOnUriSelectionRequestedListener()
com.wubydax.romcontrol.v2.utils.BackupRestoreIntentService$LocalReceiver:
    static final java.lang.String BACKUP_COMPLETE_ACTION
    static final java.lang.String RESTORE_COMPLETE_ACTION
com.wubydax.romcontrol.v2.utils.Constants:
    static final java.lang.String DIALOG_REQUEST_CODE_KEY
    static final java.lang.String DIALOG_RESTORE_IS_CONFIRM_REQUIRED
    static final java.lang.String SCRIPTS_FOLDER
    public static final java.lang.String BACKUP_FILE_PATH_EXTRA_KEY
    public static final java.lang.String FIRST_LAUNCH_KEY
    public static final java.lang.String LAST_FRAGMENT
    public static final java.lang.String PREF_NAME_KEY
    public static final java.lang.String SERVICE_INTENT_ACTION_BACKUP
    public static final java.lang.String SERVICE_INTENT_ACTION_RESTORE
    public static final java.lang.String THEME_PREF_KEY
    public static final int BACKUP_OR_RESTORE_DIALOG_REQUEST_CODE
    public static final int CHANGELOG_DIALOG_REQUEST_CODE
    public static final int NO_SU_DIALOG_REQUEST_CODE
    public static final int REBOOT_MENU_DIALOG_REQUEST_CODE
    public static final int RESTORE_FILE_SELECTOR_DIALOG_REQUEST_CODE
    public static final int THEME_DIALOG_REQUEST_CODE
    22:22:public Constants()
com.wubydax.romcontrol.v2.utils.Utils:
    private static final java.lang.String LOG_TAG
    51:51:public Utils()
    160:168:private static float getDegreesForRotation(int)
...
android.support.design.R$attr:
    29:29:public R$attr()
android.support.design.R$bool
android.support.design.R$color:
    349:349:public R$color()
android.support.design.R$dimen:
    441:441:public R$dimen()
android.support.design.R$drawable:
    561:561:public R$drawable()
android.support.design.R$id:
    648:648:public R$id()
android.support.design.R$integer:
    782:782:public R$integer()
android.support.design.R$layout:
    791:791:public R$layout()
android.support.design.R$string
android.support.design.R$style:
    882:882:public R$style()
android.support.design.R$styleable:
    1241:1241:public R$styleable()
android.support.design.internal.NavigationMenuItemView:
    201:201:public void setShortcut(boolean,char)
    232:232:public boolean showsIcon()
android.support.design.internal.NavigationMenuPresenter:
    private static final java.lang.String STATE_HIERARCHY
    private static final java.lang.String STATE_ADAPTER
    209:213:public void removeHeaderView(android.view.View)
    220:220:public android.view.View getHeaderView(int)
android.support.design.internal.NavigationMenuPresenter$NavigationMenuAdapter:
    private static final java.lang.String STATE_CHECKED_ITEM
    private static final java.lang.String STATE_ACTION_VIEWS
    private static final int VIEW_TYPE_NORMAL
    private static final int VIEW_TYPE_SUBHEADER
    private static final int VIEW_TYPE_SEPARATOR
    private static final int VIEW_TYPE_HEADER
android.support.design.widget.AnimationUtils:
    27:46:AnimationUtils()
android.support.design.widget.AppBarLayout:
    private static final int PENDING_ACTION_NONE
    private static final int PENDING_ACTION_EXPANDED
    private static final int PENDING_ACTION_COLLAPSED
    private static final int PENDING_ACTION_ANIMATE_ENABLED
    private static final int INVALID_SCROLL_RANGE
android.support.design.widget.AppBarLayout$Behavior:
    private static final int MAX_OFFSET_ANIMATION_DURATION
    private static final int INVALID_POSITION
    910:911:public void setDragCallback(android.support.design.widget.AppBarLayout$Behavior$DragCallback)
    1165:1165:boolean isOffsetAnimatorRunning()
    755:755:public bridge synthetic int getLeftAndRightOffset()
    755:755:public bridge synthetic boolean setLeftAndRightOffset(int)
android.support.design.widget.AppBarLayout$Behavior$DragCallback:
    762:762:public AppBarLayout$Behavior$DragCallback()
android.support.design.widget.AppBarLayout$LayoutParams:
    public static final int SCROLL_FLAG_SCROLL
    public static final int SCROLL_FLAG_EXIT_UNTIL_COLLAPSED
    public static final int SCROLL_FLAG_ENTER_ALWAYS
    public static final int SCROLL_FLAG_ENTER_ALWAYS_COLLAPSED
    public static final int SCROLL_FLAG_SNAP
    static final int FLAG_QUICK_RETURN
    static final int FLAG_SNAP
    static final int COLLAPSIBLE_FLAGS
    649:671:public AppBarLayout$LayoutParams(int,int,float)
    649:689:public AppBarLayout$LayoutParams(android.support.design.widget.AppBarLayout$LayoutParams)
    703:704:public void setScrollFlags(int)
    728:729:public void setScrollInterpolator(android.view.animation.Interpolator)
android.support.design.widget.AppBarLayout$LayoutParams$ScrollFlags
android.support.design.widget.AppBarLayout$ScrollingViewBehavior:
    1364:1364:public bridge synthetic int getLeftAndRightOffset()
    1364:1364:public bridge synthetic boolean setLeftAndRightOffset(int)